<?xml version="1.0" encoding="UTF-8"?>
<!-- Generated by org.testng.reporters.JUnitXMLReporter -->
<testsuite ignored="2" hostname="wetechnolabs13" failures="1" tests="2" name="Test" time="14.236" errors="0" timestamp="02 Dec 2022 10:24:28 GMT">
  <testcase classname="com.test.Test_Login_01" name="login" time="7.914"/>
  <testcase classname="com.test.Test_inbox_02" name="inbox" time="0.002">
    <failure type="java.lang.NullPointerException" message="Cannot invoke &amp;quot;org.openqa.selenium.SearchContext.findElement(org.openqa.selenium.By)&amp;quot; because &amp;quot;this.searchContext&amp;quot; is null">
      <![CDATA[java.lang.NullPointerException: Cannot invoke "org.openqa.selenium.SearchContext.findElement(org.openqa.selenium.By)" because "this.searchContext" is null
at org.openqa.selenium.support.pagefactory.DefaultElementLocator.findElement(DefaultElementLocator.java:69)
at org.openqa.selenium.support.pagefactory.internal.LocatingElementHandler.invoke(LocatingElementHandler.java:38)
at jdk.proxy2/jdk.proxy2.$Proxy12.click(Unknown Source)
at com.test.Test_inbox_02.inbox(Test_inbox_02.java:12)
... Removed 25 stack frames]]>
    </failure>
  </testcase> <!-- inbox -->
  <testcase classname="com.base.Base_class1" name="@BeforeTest start" time="0.0">
    <ignored/>
  </testcase> <!-- @BeforeTest start -->
  <testcase classname="com.base.Base_class1" name="@AfterTest teardown" time="0.0">
    <ignored/>
  </testcase> <!-- @AfterTest teardown -->
</testsuite> <!-- Test -->
